C:\USERS\LENOVO\DESKTOP\LAB_WORKS\Л и ОА в ИЗ\LAB_5\LABA5\DEBUG\LABA5.EXE
C:\USERS\LENOVO\DESKTOP\LAB_WORKS\Л и ОА в ИЗ\LAB_5\LABA5\DEBUG\LABA5.ILK
C:\USERS\LENOVO\DESKTOP\LAB_WORKS\Л И ОА В ИЗ\LAB_5\LABA5\DEBUG\LABA5.PDB
C:\Users\Lenovo\Desktop\Lab_works\Л и ОА в ИЗ\Lab_5\laba5\laba5\Debug\cl.command.1.tlog
C:\Users\Lenovo\Desktop\Lab_works\Л и ОА в ИЗ\Lab_5\laba5\laba5\Debug\CL.read.1.tlog
C:\Users\Lenovo\Desktop\Lab_works\Л и ОА в ИЗ\Lab_5\laba5\laba5\Debug\CL.write.1.tlog
C:\USERS\LENOVO\DESKTOP\LAB_WORKS\Л и ОА в ИЗ\LAB_5\LABA5\LABA5\DEBUG\LABA5.EXE.EMBED.MANIFEST
C:\USERS\LENOVO\DESKTOP\LAB_WORKS\Л и ОА в ИЗ\LAB_5\LABA5\LABA5\DEBUG\LABA5.EXE.EMBED.MANIFEST.RES
C:\USERS\LENOVO\DESKTOP\LAB_WORKS\Л и ОА в ИЗ\LAB_5\LABA5\LABA5\DEBUG\LABA5.EXE.INTERMEDIATE.MANIFEST
C:\USERS\LENOVO\DESKTOP\LAB_WORKS\Л и ОА в ИЗ\LAB_5\LABA5\LABA5\DEBUG\LABA5.OBJ
C:\USERS\LENOVO\DESKTOP\LAB_WORKS\Л и ОА в ИЗ\LAB_5\LABA5\LABA5\DEBUG\LABA5.PCH
C:\Users\Lenovo\Desktop\Lab_works\Л и ОА в ИЗ\Lab_5\laba5\laba5\Debug\laba5.vcxprojResolveAssemblyReference.cache
C:\Users\Lenovo\Desktop\Lab_works\Л и ОА в ИЗ\Lab_5\laba5\laba5\Debug\laba5.write.1.tlog
C:\Users\Lenovo\Desktop\Lab_works\Л и ОА в ИЗ\Lab_5\laba5\laba5\Debug\laba5_manifest.rc
C:\Users\Lenovo\Desktop\Lab_works\Л и ОА в ИЗ\Lab_5\laba5\laba5\Debug\link.11940.read.1.tlog
C:\Users\Lenovo\Desktop\Lab_works\Л и ОА в ИЗ\Lab_5\laba5\laba5\Debug\link.11940.write.1.tlog
C:\Users\Lenovo\Desktop\Lab_works\Л и ОА в ИЗ\Lab_5\laba5\laba5\Debug\link.11940-cvtres.read.1.tlog
C:\Users\Lenovo\Desktop\Lab_works\Л и ОА в ИЗ\Lab_5\laba5\laba5\Debug\link.11940-cvtres.write.1.tlog
C:\Users\Lenovo\Desktop\Lab_works\Л и ОА в ИЗ\Lab_5\laba5\laba5\Debug\link.command.1.tlog
C:\Users\Lenovo\Desktop\Lab_works\Л и ОА в ИЗ\Lab_5\laba5\laba5\Debug\link.read.1.tlog
C:\Users\Lenovo\Desktop\Lab_works\Л и ОА в ИЗ\Lab_5\laba5\laba5\Debug\link.write.1.tlog
C:\Users\Lenovo\Desktop\Lab_works\Л и ОА в ИЗ\Lab_5\laba5\laba5\Debug\link-cvtres.read.1.tlog
C:\Users\Lenovo\Desktop\Lab_works\Л и ОА в ИЗ\Lab_5\laba5\laba5\Debug\link-cvtres.write.1.tlog
C:\Users\Lenovo\Desktop\Lab_works\Л и ОА в ИЗ\Lab_5\laba5\laba5\Debug\mt.command.1.tlog
C:\Users\Lenovo\Desktop\Lab_works\Л и ОА в ИЗ\Lab_5\laba5\laba5\Debug\mt.read.1.tlog
C:\Users\Lenovo\Desktop\Lab_works\Л и ОА в ИЗ\Lab_5\laba5\laba5\Debug\mt.write.1.tlog
C:\Users\Lenovo\Desktop\Lab_works\Л и ОА в ИЗ\Lab_5\laba5\laba5\Debug\rc.command.1.tlog
C:\Users\Lenovo\Desktop\Lab_works\Л и ОА в ИЗ\Lab_5\laba5\laba5\Debug\rc.read.1.tlog
C:\Users\Lenovo\Desktop\Lab_works\Л и ОА в ИЗ\Lab_5\laba5\laba5\Debug\rc.write.1.tlog
C:\USERS\LENOVO\DESKTOP\LAB_WORKS\Л и ОА в ИЗ\LAB_5\LABA5\LABA5\DEBUG\STDAFX.OBJ
C:\Users\Lenovo\Desktop\Lab_works\Л и ОА в ИЗ\Lab_5\laba5\laba5\Debug\vc100.idb
C:\USERS\LENOVO\DESKTOP\LAB_WORKS\Л И ОА В ИЗ\LAB_5\LABA5\LABA5\DEBUG\VC100.PDB
